Fri Aug 01 2025 3:9:55 [SERVER-NAME] info: [32m🚀 Database connected successfully[39m
Fri Aug 01 2025 3:9:56 [SERVER-NAME] info: [33m♻️  Application listening on port:9999[39m
Fri Aug 01 2025 3:10:5 [SERVER-NAME] info: [32m🚀 Database connected successfully[39m
Fri Aug 01 2025 3:10:6 [SERVER-NAME] info: [33m♻️  Application listening on port:9999[39m
Fri Aug 01 2025 3:15:31 [SERVER-NAME] info: [32m🚀 Database connected successfully[39m
Fri Aug 01 2025 3:15:32 [SERVER-NAME] info: [33m♻️  Application listening on port:9999[39m
Fri Aug 01 2025 3:15:37 [SERVER-NAME] info: [32m🚀 Database connected successfully[39m
Fri Aug 01 2025 3:15:38 [SERVER-NAME] info: [33m♻️  Application listening on port:9999[39m
Fri Aug 01 2025 3:15:52 [SERVER-NAME] info: [32m🚀 Database connected successfully[39m
Fri Aug 01 2025 3:15:53 [SERVER-NAME] info: [33m♻️  Application listening on port:9999[39m
Fri Aug 01 2025 3:15:55 [SERVER-NAME] info: [32m🚀 Database connected successfully[39m
Fri Aug 01 2025 3:15:56 [SERVER-NAME] info: [33m♻️  Application listening on port:9999[39m
Fri Aug 01 2025 3:15:57 [SERVER-NAME] info: [32m🚀 Database connected successfully[39m
Fri Aug 01 2025 3:15:58 [SERVER-NAME] info: [33m♻️  Application listening on port:9999[39m
Fri Aug 01 2025 3:22:55 [SERVER-NAME] info: [32m🚀 Database connected successfully[39m
Fri Aug 01 2025 3:22:56 [SERVER-NAME] info: [33m♻️  Application listening on port:9999[39m
Fri Aug 01 2025 3:23:3 [SERVER-NAME] info: [32m🚀 Database connected successfully[39m
Fri Aug 01 2025 3:23:5 [SERVER-NAME] info: [32m🚀 Database connected successfully[39m
Fri Aug 01 2025 3:23:6 [SERVER-NAME] info: [33m♻️  Application listening on port:9999[39m
Fri Aug 01 2025 3:23:26 [SERVER-NAME] info: [32m🚀 Database connected successfully[39m
Fri Aug 01 2025 3:23:28 [SERVER-NAME] info: [33m♻️  Application listening on port:9999[39m
Fri Aug 01 2025 3:23:30 [SERVER-NAME] info: [32m🚀 Database connected successfully[39m
Fri Aug 01 2025 3:23:31 [SERVER-NAME] info: [32m🚀 Database connected successfully[39m
Fri Aug 01 2025 3:23:33 [SERVER-NAME] info: [33m♻️  Application listening on port:9999[39m
Fri Aug 01 2025 3:23:37 [SERVER-NAME] info: [32m🚀 Database connected successfully[39m
Fri Aug 01 2025 3:23:39 [SERVER-NAME] info: [33m♻️  Application listening on port:9999[39m
Fri Aug 01 2025 3:23:41 [SERVER-NAME] info: [32m🚀 Database connected successfully[39m
Fri Aug 01 2025 3:23:42 [SERVER-NAME] info: [33m♻️  Application listening on port:9999[39m
Fri Aug 01 2025 3:26:9 [SERVER-NAME] info: [32m🚀 Database connected successfully[39m
Fri Aug 01 2025 3:26:10 [SERVER-NAME] info: [33m♻️  Application listening on port:9999[39m
Fri Aug 01 2025 3:26:21 [SERVER-NAME] info: [32m🚀 Database connected successfully[39m
Fri Aug 01 2025 3:26:22 [SERVER-NAME] info: [33m♻️  Application listening on port:9999[39m
Fri Aug 01 2025 3:26:33 [SERVER-NAME] info: [32m🚀 Database connected successfully[39m
Fri Aug 01 2025 3:26:34 [SERVER-NAME] info: [33m♻️  Application listening on port:9999[39m
Fri Aug 01 2025 3:26:41 [SERVER-NAME] info: [32m🚀 Database connected successfully[39m
Fri Aug 01 2025 3:26:42 [SERVER-NAME] info: [33m♻️  Application listening on port:9999[39m
Fri Aug 01 2025 3:26:45 [SERVER-NAME] info: [32m🚀 Database connected successfully[39m
Fri Aug 01 2025 3:26:46 [SERVER-NAME] info: [33m♻️  Application listening on port:9999[39m
Fri Aug 01 2025 3:27:6 [SERVER-NAME] info: [32m🚀 Database connected successfully[39m
Fri Aug 01 2025 3:27:7 [SERVER-NAME] info: [33m♻️  Application listening on port:9999[39m
Fri Aug 01 2025 3:27:12 [SERVER-NAME] info: [32m🚀 Database connected successfully[39m
Fri Aug 01 2025 3:27:13 [SERVER-NAME] info: [33m♻️  Application listening on port:9999[39m
Fri Aug 01 2025 3:33:47 [SERVER-NAME] info: [32m🚀 Database connected successfully[39m
Fri Aug 01 2025 3:33:48 [SERVER-NAME] info: [33m♻️  Application listening on port:9999[39m
Fri Aug 01 2025 3:33:55 [SERVER-NAME] info: [32m🚀 Database connected successfully[39m
Fri Aug 01 2025 3:33:56 [SERVER-NAME] info: [33m♻️  Application listening on port:9999[39m
Fri Aug 01 2025 3:33:58 [SERVER-NAME] info: [32m🚀 Database connected successfully[39m
Fri Aug 01 2025 3:33:59 [SERVER-NAME] info: [33m♻️  Application listening on port:9999[39m
Fri Aug 01 2025 3:34:5 [SERVER-NAME] info: [32m🚀 Database connected successfully[39m
Fri Aug 01 2025 3:34:6 [SERVER-NAME] info: [33m♻️  Application listening on port:9999[39m
Fri Aug 01 2025 3:35:59 [SERVER-NAME] info: [32m🚀 Database connected successfully[39m
Fri Aug 01 2025 3:36:0 [SERVER-NAME] info: [33m♻️  Application listening on port:9999[39m
Fri Aug 01 2025 3:36:2 [SERVER-NAME] info: [32m🚀 Database connected successfully[39m
Fri Aug 01 2025 3:36:3 [SERVER-NAME] info: [33m♻️  Application listening on port:9999[39m
Fri Aug 01 2025 3:41:0 [SERVER-NAME] info: [32m🚀 Database connected successfully[39m
Fri Aug 01 2025 3:41:2 [SERVER-NAME] info: [32m🚀 Database connected successfully[39m
Fri Aug 01 2025 3:41:4 [SERVER-NAME] info: [32m🚀 Database connected successfully[39m
Fri Aug 01 2025 3:41:5 [SERVER-NAME] info: [33m♻️  Application listening on port:9999[39m
Fri Aug 01 2025 3:41:9 [SERVER-NAME] info: [32m🚀 Database connected successfully[39m
Fri Aug 01 2025 3:41:10 [SERVER-NAME] info: [33m♻️  Application listening on port:9999[39m
Fri Aug 01 2025 3:41:26 [SERVER-NAME] info: [32m🚀 Database connected successfully[39m
Fri Aug 01 2025 3:41:27 [SERVER-NAME] info: [33m♻️  Application listening on port:9999[39m
Fri Aug 01 2025 3:41:31 [SERVER-NAME] info: [32m🚀 Database connected successfully[39m
Fri Aug 01 2025 3:41:32 [SERVER-NAME] info: [33m♻️  Application listening on port:9999[39m
Fri Aug 01 2025 3:41:37 [SERVER-NAME] info: [32m🚀 Database connected successfully[39m
Fri Aug 01 2025 3:41:38 [SERVER-NAME] info: [33m♻️  Application listening on port:9999[39m
Fri Aug 01 2025 3:41:40 [SERVER-NAME] info: [32m🚀 Database connected successfully[39m
Fri Aug 01 2025 3:41:41 [SERVER-NAME] info: [33m♻️  Application listening on port:9999[39m
Fri Aug 01 2025 3:41:44 [SERVER-NAME] info: [32m🚀 Database connected successfully[39m
Fri Aug 01 2025 3:41:45 [SERVER-NAME] info: [33m♻️  Application listening on port:9999[39m
Fri Aug 01 2025 3:42:13 [SERVER-NAME] info: [32m🚀 Database connected successfully[39m
Fri Aug 01 2025 3:42:14 [SERVER-NAME] info: [33m♻️  Application listening on port:9999[39m
Fri Aug 01 2025 3:42:21 [SERVER-NAME] info: [32m🚀 Database connected successfully[39m
Fri Aug 01 2025 3:42:22 [SERVER-NAME] info: [33m♻️  Application listening on port:9999[39m
Fri Aug 01 2025 3:43:44 [SERVER-NAME] info: [32m🚀 Database connected successfully[39m
Fri Aug 01 2025 3:43:45 [SERVER-NAME] info: [33m♻️  Application listening on port:9999[39m
Fri Aug 01 2025 3:44:4 [SERVER-NAME] info: [32m🚀 Database connected successfully[39m
Fri Aug 01 2025 3:44:5 [SERVER-NAME] info: [33m♻️  Application listening on port:9999[39m
Fri Aug 01 2025 3:44:20 [SERVER-NAME] info: [32m🚀 Database connected successfully[39m
Fri Aug 01 2025 3:44:22 [SERVER-NAME] info: [33m♻️  Application listening on port:9999[39m
Fri Aug 01 2025 3:44:40 [SERVER-NAME] info: [32m🚀 Database connected successfully[39m
Fri Aug 01 2025 3:44:42 [SERVER-NAME] info: [33m♻️  Application listening on port:9999[39m
Fri Aug 01 2025 3:44:50 [SERVER-NAME] info: [32m🚀 Database connected successfully[39m
Fri Aug 01 2025 3:44:52 [SERVER-NAME] info: [33m♻️  Application listening on port:9999[39m
Fri Aug 01 2025 3:45:0 [SERVER-NAME] info: [32m🚀 Database connected successfully[39m
Fri Aug 01 2025 3:45:1 [SERVER-NAME] info: [33m♻️  Application listening on port:9999[39m
Fri Aug 01 2025 3:47:19 [SERVER-NAME] info: ::1 - POST /api/v1/auth/login 200 - 211.266 ms
Fri Aug 01 2025 3:50:51 [SERVER-NAME] info: ::1 - GET /api/v1/user/profile 200 - 91.535 ms
Fri Aug 01 2025 3:54:53 [SERVER-NAME] info: ::1 - GET /api/v1/rider/available-drivers - - - ms
Fri Aug 01 2025 3:54:58 [SERVER-NAME] info: ::1 - GET /api/v1/rider/available-drivers - - - ms
Fri Aug 01 2025 3:55:14 [SERVER-NAME] info: ::1 - GET /api/v1/user/profile 200 - 90.236 ms
Fri Aug 01 2025 3:58:37 [SERVER-NAME] info: ::1 - GET /api/v1/rider/available-drivers - - - ms
