Thu Jul 31 2025 3:22:14 [SERVER-NAME] error: ::1 - GET /api/v1/user/profile 401 - 29.350 ms
Thu Jul 31 2025 3:24:29 [SERVER-NAME] error: ::1 - POST /api/v1/user/login 404 - 4.537 ms
Thu Jul 31 2025 3:24:42 [SERVER-NAME] error: ::1 - POST /api/v1/user/login 404 - 0.614 ms
Thu Jul 31 2025 3:25:0 [SERVER-NAME] error: ::1 - POST /api/v1/auth/login 400 - 100.307 ms
Thu Jul 31 2025 3:27:52 [SERVER-NAME] error: Email getaddrinfo ENOTFOUND smtp.example.com
Thu Jul 31 2025 3:31:7 [SERVER-NAME] error: [31m🤢 Failed to connect Database[39m
Thu Jul 31 2025 3:31:24 [SERVER-NAME] error: [31m🤢 Failed to connect Database[39m
Thu Jul 31 2025 3:31:35 [SERVER-NAME] error: [31m🤢 Failed to connect Database[39m
Thu Jul 31 2025 3:31:57 [SERVER-NAME] error: [31m🤢 Failed to connect Database[39m
Thu Jul 31 2025 3:32:43 [SERVER-NAME] error: [31m🤢 Failed to connect Database[39m
Thu Jul 31 2025 3:33:11 [SERVER-NAME] error: [31m🤢 Failed to connect Database[39m
Thu Jul 31 2025 3:35:2 [SERVER-NAME] error: [31m🤢 Failed to connect Database[39m
Thu Jul 31 2025 3:35:4 [SERVER-NAME] error: [31m🤢 Failed to connect Database[39m
Thu Jul 31 2025 3:35:21 [SERVER-NAME] error: [31m🤢 Failed to connect Database[39m
Thu Jul 31 2025 3:35:32 [SERVER-NAME] error: [31m🤢 Failed to connect Database[39m
Thu Jul 31 2025 3:36:8 [SERVER-NAME] error: [31m🤢 Failed to connect Database[39m
Thu Jul 31 2025 3:38:58 [SERVER-NAME] error: [31m🤢 Failed to connect Database[39m
Thu Jul 31 2025 3:39:9 [SERVER-NAME] error: [31m🤢 Failed to connect Database[39m
Thu Jul 31 2025 3:39:12 [SERVER-NAME] error: [31m🤢 Failed to connect Database[39m
Thu Jul 31 2025 3:42:11 [SERVER-NAME] error: [31m🤢 Failed to connect Database[39m
Thu Jul 31 2025 3:42:13 [SERVER-NAME] error: [31m🤢 Failed to connect Database[39m
Thu Jul 31 2025 3:42:17 [SERVER-NAME] error: [31m🤢 Failed to connect Database[39m
Thu Jul 31 2025 3:42:22 [SERVER-NAME] error: [31m🤢 Failed to connect Database[39m
Thu Jul 31 2025 3:42:49 [SERVER-NAME] error: ::1 - POST /api/v1/user/register 404 - 20.119 ms
Thu Jul 31 2025 3:42:59 [SERVER-NAME] error: ::1 - POST /api/v1/user/register 404 - 0.749 ms
Thu Jul 31 2025 3:43:28 [SERVER-NAME] error: ::1 - POST /api/v1/user/register 400 - 31.601 ms
Thu Jul 31 2025 3:43:46 [SERVER-NAME] error: ::1 - POST /api/v1/user/register 400 - 13.143 ms
Thu Jul 31 2025 3:45:46 [SERVER-NAME] error: ::1 - POST /api/v1/user/register 400 - 8.061 ms
Thu Jul 31 2025 3:47:6 [SERVER-NAME] error: ::1 - POST /api/v1/user/register 400 - 5.197 ms
Thu Jul 31 2025 3:47:58 [SERVER-NAME] error: ::1 - POST /api/v1/user/register 400 - 2.110 ms
Thu Jul 31 2025 3:52:14 [SERVER-NAME] error: Email getaddrinfo ENOTFOUND smtp.example.com
Thu Jul 31 2025 3:52:54 [SERVER-NAME] error: [31m🤢 Failed to connect Database[39m
Thu Jul 31 2025 3:57:55 [SERVER-NAME] error: Email getaddrinfo ENOTFOUND smtp.example.com
Thu Jul 31 2025 3:58:22 [SERVER-NAME] error: ::1 - POST /api/v1/user/register 400 - 117.373 ms
Thu Jul 31 2025 3:58:51 [SERVER-NAME] error: Email getaddrinfo ENOTFOUND smtp.example.com
